<?xml version="1.0" encoding="UTF-8"?>
<!-- Generated by org.testng.reporters.JUnitXMLReporter -->
<testsuite ignored="2" hostname="DESKTOP-OVPGTPQ" failures="0" tests="3" name="Test" time="49.202" errors="0" timestamp="2023-08-05T22:54:18 IST">
  <testcase classname="com.sdet.testcase.TC001_LoginLogOut" name="createLeaf" time="4.22"/>
  <testcase classname="com.sdet.testcase.TC003_CreateLead" name="createLead" time="19.095"/>
  <testcase classname="com.sdet.testcase.TC003_CreateLead" name="createLead" time="17.335"/>
  <testcase classname="utils.Reporter" name="@BeforeSuite startReport" time="0.0">
    <ignored/>
  </testcase> <!-- @BeforeSuite startReport -->
  <testcase classname="utils.Reporter" name="@AfterSuite stopReport" time="0.0">
    <ignored/>
  </testcase> <!-- @AfterSuite stopReport -->
</testsuite> <!-- Test -->
